<?xml version="1.0" encoding="UTF-8"?>
<!-- Generated by org.testng.reporters.JUnitReportReporter -->
<testsuite hostname="LAPTOP-B5AEBSDS" failures="0" tests="1" name="log4jframework.Log4jTutorial" time="1.750" errors="0" timestamp="2024-09-30T20:47:34 IST" skipped="0">
  <testcase classname="log4jframework.Log4jTutorial" name="googlesearch" time="1.750"/>
  <system-out/>
</testsuite> <!-- log4jframework.Log4jTutorial -->
