<?xml version="1.0" encoding="UTF-8"?>
<!-- Generated by org.testng.reporters.JUnitReportReporter -->
<testsuite hostname="LAPTOP-B5AEBSDS" failures="0" tests="1" name="newtabwindowhandles.NewTabFunctionality" time="49.645" errors="0" timestamp="2024-09-28T21:18:38 IST" skipped="0">
  <testcase classname="newtabwindowhandles.NewTabFunctionality" name="newtabs" time="49.645"/>
  <system-out/>
</testsuite> <!-- newtabwindowhandles.NewTabFunctionality -->
