<?xml version="1.0" encoding="UTF-8"?>
<!-- Generated by org.testng.reporters.JUnitReportReporter -->
<testsuite hostname="LAPTOP-B5AEBSDS" failures="0" tests="10" name="testngframework.TestNG_9_TestCases_Groups" time="56.234" errors="0" timestamp="2024-09-25T11:13:12 IST" skipped="0">
  <testcase classname="testngframework.TestNG_9_TestCases_Groups" name="ndtv" time="1.433"/>
  <system-out/>
  <testcase classname="testngframework.TestNG_9_TestCases_Groups" name="swiggy" time="0.232"/>
  <system-out/>
  <testcase classname="testngframework.TestNG_9_TestCases_Groups" name="selenium" time="0.885"/>
  <system-out/>
  <testcase classname="testngframework.TestNG_9_TestCases_Groups" name="techlearn" time="3.302"/>
  <system-out/>
  <testcase classname="testngframework.TestNG_9_TestCases_Groups" name="Zomato" time="2.302"/>
  <system-out/>
  <testcase classname="testngframework.TestNG_9_TestCases_Groups" name="gmail" time="4.072"/>
  <system-out/>
  <testcase classname="testngframework.TestNG_9_TestCases_Groups" name="twitter" time="4.173"/>
  <system-out/>
  <testcase classname="testngframework.TestNG_9_TestCases_Groups" name="facebook" time="0.443"/>
  <system-out/>
  <testcase classname="testngframework.TestNG_9_TestCases_Groups" name="redmine" time="39.035"/>
  <system-out/>
  <testcase classname="testngframework.TestNG_9_TestCases_Groups" name="google" time="0.357"/>
  <system-out/>
</testsuite> <!-- testngframework.TestNG_9_TestCases_Groups -->
