<?xml version="1.0" encoding="UTF-8"?>
<!-- Generated by org.testng.reporters.JUnitReportReporter -->
<testsuite hostname="LAPTOP-B5AEBSDS" failures="0" tests="6" name="testngframework.TestNG_1_TestCase_Exe_Alphabatical_Order" time="16.425" errors="0" timestamp="2024-09-04T15:30:11 IST" skipped="0">
  <testcase classname="testngframework.TestNG_1_TestCase_Exe_Alphabatical_Order" name="facebook" time="1.470"/>
  <system-out/>
  <testcase classname="testngframework.TestNG_1_TestCase_Exe_Alphabatical_Order" name="redmine" time="5.291"/>
  <system-out/>
  <testcase classname="testngframework.TestNG_1_TestCase_Exe_Alphabatical_Order" name="gmail" time="2.323"/>
  <system-out/>
  <testcase classname="testngframework.TestNG_1_TestCase_Exe_Alphabatical_Order" name="twitter" time="4.745"/>
  <system-out/>
  <testcase classname="testngframework.TestNG_1_TestCase_Exe_Alphabatical_Order" name="selenium" time="0.927"/>
  <system-out/>
  <testcase classname="testngframework.TestNG_1_TestCase_Exe_Alphabatical_Order" name="google" time="1.669"/>
  <system-out/>
</testsuite> <!-- testngframework.TestNG_1_TestCase_Exe_Alphabatical_Order -->
