<?xml version="1.0" encoding="UTF-8"?>
<!-- Generated by org.testng.reporters.JUnitReportReporter -->
<testsuite hostname="LAPTOP-B5AEBSDS" failures="0" tests="3" name="alertwindowhandles.PopupAlerts" time="50.191" errors="0" timestamp="2024-09-25T12:56:41 IST" skipped="0">
  <testcase classname="alertwindowhandles.PopupAlerts" name="alertwindowsendtextokCanclebutton" time="18.532"/>
  <system-out/>
  <testcase classname="alertwindowhandles.PopupAlerts" name="alertwindowCanclebutton" time="17.536"/>
  <system-out/>
  <testcase classname="alertwindowhandles.PopupAlerts" name="alertwindowokbutton" time="14.123"/>
  <system-out/>
</testsuite> <!-- alertwindowhandles.PopupAlerts -->
