<?xml version="1.0" encoding="UTF-8"?>
<!-- Generated by org.testng.reporters.JUnitReportReporter -->
<testsuite hostname="LAPTOP-B5AEBSDS" failures="0" tests="1" name="verificationprocess.isDisplayedisEnabledisSelected" time="5.451" errors="0" timestamp="2024-09-30T13:00:52 IST" skipped="0">
  <testcase classname="verificationprocess.isDisplayedisEnabledisSelected" name="isEnabledMethod" time="5.451"/>
  <system-out/>
</testsuite> <!-- verificationprocess.isDisplayedisEnabledisSelected -->
