<?xml version="1.0" encoding="UTF-8"?>
<!-- Generated by org.testng.reporters.JUnitReportReporter -->
<testsuite hostname="LAPTOP-B5AEBSDS" failures="0" tests="1" name="dropdownselection.DropdownValues" time="10.318" errors="0" timestamp="2024-09-25T19:58:39 IST" skipped="0">
  <testcase classname="dropdownselection.DropdownValues" name="selectdropdownoptions" time="10.318"/>
  <system-out/>
</testsuite> <!-- dropdownselection.DropdownValues -->
