<?xml version="1.0" encoding="UTF-8"?>
<!-- Generated by org.testng.reporters.JUnitReportReporter -->
<testsuite hostname="LAPTOP-B5AEBSDS" failures="0" tests="2" name="testngframework.TestNG_4_DependsOnMethods" time="5.566" errors="0" timestamp="2024-09-19T13:25:55 IST" skipped="0">
  <testcase classname="testngframework.TestNG_4_DependsOnMethods" name="method2" time="2.201"/>
  <system-out/>
  <testcase classname="testngframework.TestNG_4_DependsOnMethods" name="method1" time="3.365"/>
  <system-out/>
</testsuite> <!-- testngframework.TestNG_4_DependsOnMethods -->
