<?xml version="1.0" encoding="UTF-8"?>
<!-- Generated by org.testng.reporters.JUnitReportReporter -->
<testsuite hostname="LAPTOP-B5AEBSDS" failures="0" tests="2" name="demotestng.GoogleSearch" time="17.922" errors="0" timestamp="2024-09-21T15:31:45 IST" skipped="0">
  <testcase classname="demotestng.GoogleSearch" name="searchtechlearn" time="10.383"/>
  <system-out/>
  <testcase classname="demotestng.GoogleSearch" name="searchtestngxml" time="7.539"/>
  <system-out/>
</testsuite> <!-- demotestng.GoogleSearch -->
