<?xml version="1.0" encoding="UTF-8"?>
<!-- Generated by org.testng.reporters.JUnitReportReporter -->
<testsuite hostname="LAPTOP-B5AEBSDS" failures="0" tests="1" name="actionsclassprograms.RCDCDDMHKF" time="16.286" errors="0" timestamp="2024-09-27T13:26:50 IST" skipped="0">
  <testcase classname="actionsclassprograms.RCDCDDMHKF" name="keyboardfunctions" time="16.286"/>
  <system-out/>
</testsuite> <!-- actionsclassprograms.RCDCDDMHKF -->
