<?xml version="1.0" encoding="UTF-8"?>
<!-- Generated by org.testng.reporters.JUnitReportReporter -->
<testsuite hostname="LAPTOP-B5AEBSDS" failures="0" tests="3" name="testngframework.TestNG_7_Run_TestCases_XML_File" time="11.376" errors="0" timestamp="2024-09-21T14:57:03 IST" skipped="0">
  <testcase classname="testngframework.TestNG_7_Run_TestCases_XML_File" name="TestCase4" time="2.313"/>
  <system-out/>
  <testcase classname="testngframework.TestNG_7_Run_TestCases_XML_File" name="TestCase5" time="4.917"/>
  <system-out/>
  <testcase classname="testngframework.TestNG_7_Run_TestCases_XML_File" name="TestCase2" time="4.146"/>
  <system-out/>
</testsuite> <!-- testngframework.TestNG_7_Run_TestCases_XML_File -->
