<?xml version="1.0" encoding="UTF-8"?>
<!-- Generated by org.testng.reporters.JUnitReportReporter -->
<testsuite hostname="LAPTOP-B5AEBSDS" failures="0" tests="1" name="fileupload.UploadFile" time="81.658" errors="0" timestamp="2024-09-25T20:28:53 IST" skipped="0">
  <testcase classname="fileupload.UploadFile" name="attchfile" time="81.658"/>
  <system-out/>
</testsuite> <!-- fileupload.UploadFile -->
